[16:33:28] [main/DEBUG] [FML/]: Injecting tracing printstreams for STDOUT/STDERR.
[16:33:28] [main/INFO] [FML/]: Forge Mod Loader version 14.22.1.2478 for Minecraft 1.12.1 loading
[16:33:28] [main/INFO] [FML/]: Java is Java HotSpot(TM) 64-Bit Server VM, version 1.8.0_221, running on Windows 10:amd64:10.0, installed at C:\Program Files\Java\jre1.8.0_221
[16:33:28] [main/DEBUG] [FML/]: Java classpath at launch is:
[16:33:28] [main/DEBUG] [FML/]:     forge.jar
[16:33:28] [main/DEBUG] [FML/]: Java library path at launch is:
[16:33:28] [main/DEBUG] [FML/]:     C:\Program Files (x86)\Common Files\Oracle\Java\javapath
[16:33:28] [main/DEBUG] [FML/]:     C:\WINDOWS\Sun\Java\bin
[16:33:28] [main/DEBUG] [FML/]:     C:\WINDOWS\system32
[16:33:28] [main/DEBUG] [FML/]:     C:\WINDOWS
[16:33:28] [main/DEBUG] [FML/]:     C:\Program Files (x86)\Common Files\Oracle\Java\javapath
[16:33:28] [main/DEBUG] [FML/]:     C:\WINDOWS\system32
[16:33:28] [main/DEBUG] [FML/]:     C:\WINDOWS
[16:33:28] [main/DEBUG] [FML/]:     C:\WINDOWS\System32\Wbem
[16:33:28] [main/DEBUG] [FML/]:     C:\WINDOWS\System32\WindowsPowerShell\v1.0\
[16:33:28] [main/DEBUG] [FML/]:     C:\WINDOWS\System32\OpenSSH\
[16:33:28] [main/DEBUG] [FML/]:     C:\Program Files\Git\cmd
[16:33:28] [main/DEBUG] [FML/]:     C:\Users\¾È³ç³ª´Â¿ø¹Î!\AppData\Local\Microsoft\WindowsApps
[16:33:28] [main/DEBUG] [FML/]:     C:\Program Files\Bandizip\
[16:33:28] [main/DEBUG] [FML/]:     
[16:33:28] [main/DEBUG] [FML/]:     C:\Users\¾È³ç³ª´Â¿ø¹Î!\AppData\Local\Programs\Microsoft VS Code\bin
[16:33:28] [main/DEBUG] [FML/]:     .
[16:33:28] [main/DEBUG] [FML/]: Enabling runtime deobfuscation
[16:33:28] [main/DEBUG] [FML/]: Instantiating coremod class FMLCorePlugin
[16:33:28] [main/DEBUG] [FML/]: Found signing certificates for coremod FMLCorePlugin (net.minecraftforge.fml.relauncher.FMLCorePlugin)
[16:33:28] [main/DEBUG] [FML/]: Found certificate e3c3d50c7c986df74c645c0ac54639741c90a557
[16:33:28] [main/DEBUG] [FML/]: Added access transformer class net.minecraftforge.fml.common.asm.transformers.AccessTransformer to enqueued access transformers
[16:33:28] [main/DEBUG] [FML/]: Enqueued coremod FMLCorePlugin
[16:33:28] [main/DEBUG] [FML/]: Instantiating coremod class FMLForgePlugin
[16:33:28] [main/DEBUG] [FML/]: Found signing certificates for coremod FMLForgePlugin (net.minecraftforge.classloading.FMLForgePlugin)
[16:33:28] [main/DEBUG] [FML/]: Found certificate e3c3d50c7c986df74c645c0ac54639741c90a557
[16:33:28] [main/DEBUG] [FML/]: Enqueued coremod FMLForgePlugin
[16:33:28] [main/DEBUG] [FML/]: All fundamental core mods are successfully located
[16:33:28] [main/DEBUG] [FML/]: Attempting to load commandline specified mods, relative to C:\modserver\.
[16:33:28] [main/INFO] [FML/]: Failed to find the specified repository root C:/Users/qpalw/Desktop/modserver/libraries
[16:33:28] [main/DEBUG] [FML/]: Discovering coremods
[16:33:28] [main/DEBUG] [FML/]: Examining for coremod candidacy Pixelmon-1.12.2-7.0.8-universal.jar
[16:33:28] [main/DEBUG] [FML/]: Not found coremod data in Pixelmon-1.12.2-7.0.8-universal.jar
[16:33:28] [main/DEBUG] [FML/]: Examining for coremod candidacy spongeforge-1.12.2-2838-7.1.7.jar
[16:33:28] [main/INFO] [FML/]: Loading tweaker org.spongepowered.asm.launch.MixinTweaker from spongeforge-1.12.2-2838-7.1.7.jar
[16:33:28] [main/INFO] [LaunchWrapper/]: Loading tweak class name net.minecraftforge.fml.common.launcher.FMLInjectionAndSortingTweaker
[16:33:28] [main/INFO] [LaunchWrapper/]: Loading tweak class name org.spongepowered.asm.launch.MixinTweaker
[16:33:28] [main/DEBUG] [mixin/]: MixinService [LaunchWrapper] was successfully booted in sun.misc.Launcher$AppClassLoader@4aa298b7
[16:33:28] [main/INFO] [mixin/]: SpongePowered MIXIN Subsystem Version=0.7.11 Source=file:/C:/modserver/mods/spongeforge-1.12.2-2838-7.1.7.jar Service=LaunchWrapper Env=SERVER
[16:33:28] [main/DEBUG] [mixin/]: Adding new mixin transformer proxy #1
[16:33:28] [main/DEBUG] [mixin/]: Initialising Mixin Platform Manager
[16:33:28] [main/DEBUG] [mixin/]: Mixin platform: primary container is file:/C:/modserver/mods/spongeforge-1.12.2-2838-7.1.7.jar
[16:33:28] [main/DEBUG] [mixin/]: Adding mixin platform agents for container file:/C:/modserver/mods/spongeforge-1.12.2-2838-7.1.7.jar
[16:33:28] [main/DEBUG] [mixin/]: Instancing new MixinPlatformAgentFML for file:/C:/modserver/mods/spongeforge-1.12.2-2838-7.1.7.jar
[16:33:28] [main/DEBUG] [mixin/]: spongeforge-1.12.2-2838-7.1.7.jar has core plugin org.spongepowered.mod.SpongeCoremod. Injecting it into FML for co-initialisation:
[16:33:28] [main/DEBUG] [FML/]: Instantiating coremod class SpongeCoremod
[16:33:28] [main/ERROR] [FML/]: The coremod org.spongepowered.mod.SpongeCoremod is requesting minecraft version 1.12.2 and minecraft is 1.12.1. It will be ignored.
[16:33:28] [main/DEBUG] [mixin/]: Core plugin org.spongepowered.mod.SpongeCoremod could not be loaded.
[16:33:28] [main/DEBUG] [mixin/]: Instancing new MixinPlatformAgentDefault for file:/C:/modserver/mods/spongeforge-1.12.2-2838-7.1.7.jar
[16:33:28] [main/DEBUG] [mixin/]: Scanning file:/C:/modserver/forge.jar for mixin tweaker
[16:33:28] [main/INFO] [LaunchWrapper/]: Loading tweak class name net.minecraftforge.fml.common.launcher.FMLDeobfTweaker
[16:33:28] [main/INFO] [LaunchWrapper/]: Calling tweak class net.minecraftforge.fml.common.launcher.FMLInjectionAndSortingTweaker
[16:33:28] [main/INFO] [LaunchWrapper/]: Calling tweak class net.minecraftforge.fml.common.launcher.FMLInjectionAndSortingTweaker
[16:33:28] [main/INFO] [LaunchWrapper/]: Calling tweak class net.minecraftforge.fml.relauncher.CoreModManager$FMLPluginWrapper
[16:33:28] [main/DEBUG] [FML/]: Injecting coremod FMLCorePlugin \{net.minecraftforge.fml.relauncher.FMLCorePlugin\} class transformers
[16:33:28] [main/TRACE] [FML/]: Registering transformer net.minecraftforge.fml.common.asm.transformers.BlamingTransformer
[16:33:28] [main/DEBUG] [mixin/]: Preparing mixins for MixinEnvironment[PREINIT]
[16:33:28] [main/TRACE] [FML/]: Registering transformer net.minecraftforge.fml.common.asm.transformers.SideTransformer
[16:33:28] [main/TRACE] [FML/]: Registering transformer net.minecraftforge.fml.common.asm.transformers.EventSubscriptionTransformer
[16:33:28] [main/TRACE] [FML/]: Registering transformer net.minecraftforge.fml.common.asm.transformers.EventSubscriberTransformer
[16:33:28] [main/DEBUG] [FML/]: Injection complete
[16:33:28] [main/DEBUG] [FML/]: Running coremod plugin for FMLCorePlugin \{net.minecraftforge.fml.relauncher.FMLCorePlugin\}
[16:33:28] [main/DEBUG] [FML/]: Running coremod plugin FMLCorePlugin
